<?xml version="1.0" encoding="UTF-8"?>
<TestRun id="80534b7c-1bb4-4456-b21a-8d33135f33ab" name="jjmiranda@HP430-JJM 2012-06-19 19:52:35" runUser="hp430-jjm\jjmiranda" xmlns="http://microsoft.com/schemas/VisualStudio/TeamTest/2010">
  <TestSettings name="Local" id="dd1c1eae-752d-4e30-9de4-3dd75135a14f">
    <Description>Esta es la configuración de pruebas predeterminada para una ejecución de pruebas local.</Description>
    <Deployment userDeploymentRoot="c:\users\jjmiranda\documents\visual studio 2010\Projects\Kata001FizzBuzz\TestResults" useDefaultDeploymentRoot="false" enabled="false" runDeploymentRoot="jjmiranda_HP430-JJM 2012-06-19 19_52_35">
      <DeploymentItem filename="c:\users\jjmiranda\documents\visual studio 2010\Projects\Kata001FizzBuzz\Kata001FizzBuzz\bin\Debug\Kata001FizzBuzz.exe" />
    </Deployment>
    <Execution>
      <TestTypeSpecific />
      <AgentRule name="Execution Agents">
      </AgentRule>
    </Execution>
  </TestSettings>
  <Times creation="2012-06-19T19:52:35.5753530-05:00" queuing="2012-06-19T19:52:35.9063719-05:00" start="2012-06-19T19:52:35.9533746-05:00" finish="2012-06-19T19:52:36.5964114-05:00" />
  <ResultSummary outcome="Completed">
    <Counters total="3" executed="3" passed="3" error="0" failed="0" timeout="0" aborted="0" inconclusive="0" passedButRunAborted="0" notRunnable="0" notExecuted="0" disconnected="0" warning="0" completed="0" inProgress="0" pending="0" />
  </ResultSummary>
  <TestDefinitions>
    <UnitTest name="FizzBuzzTest_2_2" storage="c:\users\jjmiranda\documents\visual studio 2010\projects\kata001fizzbuzz\testfizzbuzzproject\bin\debug\testfizzbuzzproject.dll" id="8c38c296-0470-866d-4d16-f54f4f405fbb">
      <Execution id="23266c98-39c3-4c68-948c-16af1472913d" />
      <TestMethod codeBase="c:/users/jjmiranda/documents/visual studio 2010/Projects/Kata001FizzBuzz/TestFizzBuzzProject/bin/Debug/TestFizzBuzzProject.DLL" adapterTypeName="Microsoft.VisualStudio.TestTools.TestTypes.Unit.UnitTestAdapter, Microsoft.VisualStudio.QualityTools.Tips.UnitTest.Adapter, Version=10.0.0.0, Culture=neutral, PublicKeyToken=b03f5f7f11d50a3a" className="TestFizzBuzzProject.ProgramTest, TestFizzBuzzProject, Version=1.0.0.0, Culture=neutral, PublicKeyToken=null" name="FizzBuzzTest_2_2" />
    </UnitTest>
    <UnitTest name="FizzBuzzTest_1_1" storage="c:\users\jjmiranda\documents\visual studio 2010\projects\kata001fizzbuzz\testfizzbuzzproject\bin\debug\testfizzbuzzproject.dll" id="650f0255-e9fa-0903-f398-d605bba4b6f4">
      <Execution id="c9b0c59d-5dcb-4751-b0b1-807da554e0cb" />
      <TestMethod codeBase="c:/users/jjmiranda/documents/visual studio 2010/Projects/Kata001FizzBuzz/TestFizzBuzzProject/bin/Debug/TestFizzBuzzProject.DLL" adapterTypeName="Microsoft.VisualStudio.TestTools.TestTypes.Unit.UnitTestAdapter, Microsoft.VisualStudio.QualityTools.Tips.UnitTest.Adapter, Version=10.0.0.0, Culture=neutral, PublicKeyToken=b03f5f7f11d50a3a" className="TestFizzBuzzProject.ProgramTest, TestFizzBuzzProject, Version=1.0.0.0, Culture=neutral, PublicKeyToken=null" name="FizzBuzzTest_1_1" />
    </UnitTest>
    <UnitTest name="FizzBuzzTest_3_Fizz" storage="c:\users\jjmiranda\documents\visual studio 2010\projects\kata001fizzbuzz\testfizzbuzzproject\bin\debug\testfizzbuzzproject.dll" id="fec0e726-86b4-64be-f5b5-2bb7f0033443">
      <Execution id="0d8fdc2d-b0b0-4fee-b44b-13103afa5cd4" />
      <TestMethod codeBase="c:/users/jjmiranda/documents/visual studio 2010/Projects/Kata001FizzBuzz/TestFizzBuzzProject/bin/Debug/TestFizzBuzzProject.DLL" adapterTypeName="Microsoft.VisualStudio.TestTools.TestTypes.Unit.UnitTestAdapter, Microsoft.VisualStudio.QualityTools.Tips.UnitTest.Adapter, Version=10.0.0.0, Culture=neutral, PublicKeyToken=b03f5f7f11d50a3a" className="TestFizzBuzzProject.ProgramTest, TestFizzBuzzProject, Version=1.0.0.0, Culture=neutral, PublicKeyToken=null" name="FizzBuzzTest_3_Fizz" />
    </UnitTest>
  </TestDefinitions>
  <TestLists>
    <TestList name="Resultados que no están en la lista" id="8c84fa94-04c1-424b-9868-57a2d4851a1d" />
    <TestList name="Todos los resultados cargados" id="19431567-8539-422a-85d7-44ee4e166bda" />
  </TestLists>
  <TestEntries>
    <TestEntry testId="650f0255-e9fa-0903-f398-d605bba4b6f4" executionId="c9b0c59d-5dcb-4751-b0b1-807da554e0cb" testListId="8c84fa94-04c1-424b-9868-57a2d4851a1d" />
    <TestEntry testId="8c38c296-0470-866d-4d16-f54f4f405fbb" executionId="23266c98-39c3-4c68-948c-16af1472913d" testListId="8c84fa94-04c1-424b-9868-57a2d4851a1d" />
    <TestEntry testId="fec0e726-86b4-64be-f5b5-2bb7f0033443" executionId="0d8fdc2d-b0b0-4fee-b44b-13103afa5cd4" testListId="8c84fa94-04c1-424b-9868-57a2d4851a1d" />
  </TestEntries>
  <Results>
    <UnitTestResult executionId="c9b0c59d-5dcb-4751-b0b1-807da554e0cb" testId="650f0255-e9fa-0903-f398-d605bba4b6f4" testName="FizzBuzzTest_1_1" computerName="HP430-JJM" duration="00:00:00.0808853" startTime="2012-06-19T19:52:35.9783761-05:00" endTime="2012-06-19T19:52:36.4774046-05:00" testType="13cdc9d9-ddb5-4fa4-a97d-d965ccfc6d4b" outcome="Passed" testListId="8c84fa94-04c1-424b-9868-57a2d4851a1d" relativeResultsDirectory="c9b0c59d-5dcb-4751-b0b1-807da554e0cb">
    </UnitTestResult>
    <UnitTestResult executionId="23266c98-39c3-4c68-948c-16af1472913d" testId="8c38c296-0470-866d-4d16-f54f4f405fbb" testName="FizzBuzzTest_2_2" computerName="HP430-JJM" duration="00:00:00.0003205" startTime="2012-06-19T19:52:36.4834049-05:00" endTime="2012-06-19T19:52:36.4914054-05:00" testType="13cdc9d9-ddb5-4fa4-a97d-d965ccfc6d4b" outcome="Passed" testListId="8c84fa94-04c1-424b-9868-57a2d4851a1d" relativeResultsDirectory="23266c98-39c3-4c68-948c-16af1472913d">
    </UnitTestResult>
    <UnitTestResult executionId="0d8fdc2d-b0b0-4fee-b44b-13103afa5cd4" testId="fec0e726-86b4-64be-f5b5-2bb7f0033443" testName="FizzBuzzTest_3_Fizz" computerName="HP430-JJM" duration="00:00:00.0002868" startTime="2012-06-19T19:52:36.4944056-05:00" endTime="2012-06-19T19:52:36.5004059-05:00" testType="13cdc9d9-ddb5-4fa4-a97d-d965ccfc6d4b" outcome="Passed" testListId="8c84fa94-04c1-424b-9868-57a2d4851a1d" relativeResultsDirectory="0d8fdc2d-b0b0-4fee-b44b-13103afa5cd4">
    </UnitTestResult>
  </Results>
</TestRun>