<?xml version="1.0" encoding="UTF-8"?>
<TestRun id="1718dacb-c7d2-4324-bd1f-6d9672657233" name="jjmiranda@HP430-JJM 2012-06-19 19:57:52" runUser="hp430-jjm\jjmiranda" xmlns="http://microsoft.com/schemas/VisualStudio/TeamTest/2010">
  <TestSettings name="Local" id="dd1c1eae-752d-4e30-9de4-3dd75135a14f">
    <Description>Esta es la configuración de pruebas predeterminada para una ejecución de pruebas local.</Description>
    <Deployment enabled="false" runDeploymentRoot="jjmiranda_HP430-JJM 2012-06-19 19_57_52">
      <DeploymentItem filename="c:\users\jjmiranda\documents\visual studio 2010\Projects\Kata001FizzBuzz\Kata001FizzBuzz\bin\Debug\Kata001FizzBuzz.exe" />
    </Deployment>
    <Execution>
      <TestTypeSpecific />
      <AgentRule name="Execution Agents">
      </AgentRule>
    </Execution>
  </TestSettings>
  <Times creation="2012-06-19T19:57:52.0214527-05:00" queuing="2012-06-19T19:57:53.4015316-05:00" start="2012-06-19T19:57:53.4905367-05:00" finish="2012-06-19T19:57:55.5796562-05:00" />
  <ResultSummary outcome="Completed">
    <Counters total="5" executed="5" passed="5" error="0" failed="0" timeout="0" aborted="0" inconclusive="0" passedButRunAborted="0" notRunnable="0" notExecuted="0" disconnected="0" warning="0" completed="0" inProgress="0" pending="0" />
  </ResultSummary>
  <TestDefinitions>
    <UnitTest name="FizzBuzzTest_3_5_FizzBuzz" storage="c:\users\jjmiranda\documents\visual studio 2010\projects\kata001fizzbuzz\testfizzbuzzproject\bin\debug\testfizzbuzzproject.dll" id="8afafaa8-954f-307a-785a-bad72af4956f">
      <Execution id="ea50fe8d-ca5c-4743-a519-89b37aa4eff3" />
      <TestMethod codeBase="c:/users/jjmiranda/documents/visual studio 2010/Projects/Kata001FizzBuzz/TestFizzBuzzProject/bin/Debug/TestFizzBuzzProject.DLL" adapterTypeName="Microsoft.VisualStudio.TestTools.TestTypes.Unit.UnitTestAdapter, Microsoft.VisualStudio.QualityTools.Tips.UnitTest.Adapter, Version=10.0.0.0, Culture=neutral, PublicKeyToken=b03f5f7f11d50a3a" className="TestFizzBuzzProject.ProgramTest, TestFizzBuzzProject, Version=1.0.0.0, Culture=neutral, PublicKeyToken=null" name="FizzBuzzTest_3_5_FizzBuzz" />
    </UnitTest>
    <UnitTest name="FizzBuzzTest_5_Buzz" storage="c:\users\jjmiranda\documents\visual studio 2010\projects\kata001fizzbuzz\testfizzbuzzproject\bin\debug\testfizzbuzzproject.dll" id="cba1b902-5cbd-4c71-7c64-d8bc674628d4">
      <Execution id="2bdc0164-0bf9-43c1-8b31-2966db8a7e90" />
      <TestMethod codeBase="c:/users/jjmiranda/documents/visual studio 2010/Projects/Kata001FizzBuzz/TestFizzBuzzProject/bin/Debug/TestFizzBuzzProject.DLL" adapterTypeName="Microsoft.VisualStudio.TestTools.TestTypes.Unit.UnitTestAdapter, Microsoft.VisualStudio.QualityTools.Tips.UnitTest.Adapter, Version=10.0.0.0, Culture=neutral, PublicKeyToken=b03f5f7f11d50a3a" className="TestFizzBuzzProject.ProgramTest, TestFizzBuzzProject, Version=1.0.0.0, Culture=neutral, PublicKeyToken=null" name="FizzBuzzTest_5_Buzz" />
    </UnitTest>
    <UnitTest name="FizzBuzzTest_2_2" storage="c:\users\jjmiranda\documents\visual studio 2010\projects\kata001fizzbuzz\testfizzbuzzproject\bin\debug\testfizzbuzzproject.dll" id="8c38c296-0470-866d-4d16-f54f4f405fbb">
      <Execution id="efc7becb-e68a-42aa-adb4-f03557a3517e" />
      <TestMethod codeBase="c:/users/jjmiranda/documents/visual studio 2010/Projects/Kata001FizzBuzz/TestFizzBuzzProject/bin/Debug/TestFizzBuzzProject.DLL" adapterTypeName="Microsoft.VisualStudio.TestTools.TestTypes.Unit.UnitTestAdapter, Microsoft.VisualStudio.QualityTools.Tips.UnitTest.Adapter, Version=10.0.0.0, Culture=neutral, PublicKeyToken=b03f5f7f11d50a3a" className="TestFizzBuzzProject.ProgramTest, TestFizzBuzzProject, Version=1.0.0.0, Culture=neutral, PublicKeyToken=null" name="FizzBuzzTest_2_2" />
    </UnitTest>
    <UnitTest name="FizzBuzzTest_1_1" storage="c:\users\jjmiranda\documents\visual studio 2010\projects\kata001fizzbuzz\testfizzbuzzproject\bin\debug\testfizzbuzzproject.dll" id="650f0255-e9fa-0903-f398-d605bba4b6f4">
      <Execution id="1728b6a8-4998-45d5-8da2-71e10101bdb5" />
      <TestMethod codeBase="c:/users/jjmiranda/documents/visual studio 2010/Projects/Kata001FizzBuzz/TestFizzBuzzProject/bin/Debug/TestFizzBuzzProject.DLL" adapterTypeName="Microsoft.VisualStudio.TestTools.TestTypes.Unit.UnitTestAdapter, Microsoft.VisualStudio.QualityTools.Tips.UnitTest.Adapter, Version=10.0.0.0, Culture=neutral, PublicKeyToken=b03f5f7f11d50a3a" className="TestFizzBuzzProject.ProgramTest, TestFizzBuzzProject, Version=1.0.0.0, Culture=neutral, PublicKeyToken=null" name="FizzBuzzTest_1_1" />
    </UnitTest>
    <UnitTest name="FizzBuzzTest_3_Fizz" storage="c:\users\jjmiranda\documents\visual studio 2010\projects\kata001fizzbuzz\testfizzbuzzproject\bin\debug\testfizzbuzzproject.dll" id="fec0e726-86b4-64be-f5b5-2bb7f0033443">
      <Execution id="f07b7933-a236-42f3-bc2c-7d851ddd4a9a" />
      <TestMethod codeBase="c:/users/jjmiranda/documents/visual studio 2010/Projects/Kata001FizzBuzz/TestFizzBuzzProject/bin/Debug/TestFizzBuzzProject.DLL" adapterTypeName="Microsoft.VisualStudio.TestTools.TestTypes.Unit.UnitTestAdapter, Microsoft.VisualStudio.QualityTools.Tips.UnitTest.Adapter, Version=10.0.0.0, Culture=neutral, PublicKeyToken=b03f5f7f11d50a3a" className="TestFizzBuzzProject.ProgramTest, TestFizzBuzzProject, Version=1.0.0.0, Culture=neutral, PublicKeyToken=null" name="FizzBuzzTest_3_Fizz" />
    </UnitTest>
  </TestDefinitions>
  <TestLists>
    <TestList name="Resultados que no están en la lista" id="8c84fa94-04c1-424b-9868-57a2d4851a1d" />
    <TestList name="Todos los resultados cargados" id="19431567-8539-422a-85d7-44ee4e166bda" />
  </TestLists>
  <TestEntries>
    <TestEntry testId="650f0255-e9fa-0903-f398-d605bba4b6f4" executionId="1728b6a8-4998-45d5-8da2-71e10101bdb5" testListId="8c84fa94-04c1-424b-9868-57a2d4851a1d" />
    <TestEntry testId="8c38c296-0470-866d-4d16-f54f4f405fbb" executionId="efc7becb-e68a-42aa-adb4-f03557a3517e" testListId="8c84fa94-04c1-424b-9868-57a2d4851a1d" />
    <TestEntry testId="fec0e726-86b4-64be-f5b5-2bb7f0033443" executionId="f07b7933-a236-42f3-bc2c-7d851ddd4a9a" testListId="8c84fa94-04c1-424b-9868-57a2d4851a1d" />
    <TestEntry testId="cba1b902-5cbd-4c71-7c64-d8bc674628d4" executionId="2bdc0164-0bf9-43c1-8b31-2966db8a7e90" testListId="8c84fa94-04c1-424b-9868-57a2d4851a1d" />
    <TestEntry testId="8afafaa8-954f-307a-785a-bad72af4956f" executionId="ea50fe8d-ca5c-4743-a519-89b37aa4eff3" testListId="8c84fa94-04c1-424b-9868-57a2d4851a1d" />
  </TestEntries>
  <Results>
    <UnitTestResult executionId="1728b6a8-4998-45d5-8da2-71e10101bdb5" testId="650f0255-e9fa-0903-f398-d605bba4b6f4" testName="FizzBuzzTest_1_1" computerName="HP430-JJM" duration="00:00:00.0247451" startTime="2012-06-19T19:57:53.5405396-05:00" endTime="2012-06-19T19:57:55.3906454-05:00" testType="13cdc9d9-ddb5-4fa4-a97d-d965ccfc6d4b" outcome="Passed" testListId="8c84fa94-04c1-424b-9868-57a2d4851a1d" relativeResultsDirectory="1728b6a8-4998-45d5-8da2-71e10101bdb5">
    </UnitTestResult>
    <UnitTestResult executionId="efc7becb-e68a-42aa-adb4-f03557a3517e" testId="8c38c296-0470-866d-4d16-f54f4f405fbb" testName="FizzBuzzTest_2_2" computerName="HP430-JJM" duration="00:00:00.0004408" startTime="2012-06-19T19:57:55.4166469-05:00" endTime="2012-06-19T19:57:55.4326478-05:00" testType="13cdc9d9-ddb5-4fa4-a97d-d965ccfc6d4b" outcome="Passed" testListId="8c84fa94-04c1-424b-9868-57a2d4851a1d" relativeResultsDirectory="efc7becb-e68a-42aa-adb4-f03557a3517e">
    </UnitTestResult>
    <UnitTestResult executionId="f07b7933-a236-42f3-bc2c-7d851ddd4a9a" testId="fec0e726-86b4-64be-f5b5-2bb7f0033443" testName="FizzBuzzTest_3_Fizz" computerName="HP430-JJM" duration="00:00:00.0003181" startTime="2012-06-19T19:57:55.4576492-05:00" endTime="2012-06-19T19:57:55.4686499-05:00" testType="13cdc9d9-ddb5-4fa4-a97d-d965ccfc6d4b" outcome="Passed" testListId="8c84fa94-04c1-424b-9868-57a2d4851a1d" relativeResultsDirectory="f07b7933-a236-42f3-bc2c-7d851ddd4a9a">
    </UnitTestResult>
    <UnitTestResult executionId="2bdc0164-0bf9-43c1-8b31-2966db8a7e90" testId="cba1b902-5cbd-4c71-7c64-d8bc674628d4" testName="FizzBuzzTest_5_Buzz" computerName="HP430-JJM" duration="00:00:00.0003054" startTime="2012-06-19T19:57:55.4776504-05:00" endTime="2012-06-19T19:57:55.4906511-05:00" testType="13cdc9d9-ddb5-4fa4-a97d-d965ccfc6d4b" outcome="Passed" testListId="8c84fa94-04c1-424b-9868-57a2d4851a1d" relativeResultsDirectory="2bdc0164-0bf9-43c1-8b31-2966db8a7e90">
    </UnitTestResult>
    <UnitTestResult executionId="ea50fe8d-ca5c-4743-a519-89b37aa4eff3" testId="8afafaa8-954f-307a-785a-bad72af4956f" testName="FizzBuzzTest_3_5_FizzBuzz" computerName="HP430-JJM" duration="00:00:00.0003020" startTime="2012-06-19T19:57:55.5046519-05:00" endTime="2012-06-19T19:57:55.5156525-05:00" testType="13cdc9d9-ddb5-4fa4-a97d-d965ccfc6d4b" outcome="Passed" testListId="8c84fa94-04c1-424b-9868-57a2d4851a1d" relativeResultsDirectory="ea50fe8d-ca5c-4743-a519-89b37aa4eff3">
    </UnitTestResult>
  </Results>
</TestRun>