<?xml version="1.0" encoding="UTF-8"?>
<TestRun id="4e22ff22-ae01-4e81-9691-0c027450dc52" name="jjmiranda@HP430-JJM 2012-06-19 15:35:17" runUser="hp430-jjm\jjmiranda" xmlns="http://microsoft.com/schemas/VisualStudio/TeamTest/2010">
  <TestSettings name="Local" id="dd1c1eae-752d-4e30-9de4-3dd75135a14f">
    <Description>Esta es la configuración de pruebas predeterminada para una ejecución de pruebas local.</Description>
    <Deployment enabled="false" runDeploymentRoot="jjmiranda_HP430-JJM 2012-06-19 15_35_17">
      <DeploymentItem filename="c:\users\jjmiranda\documents\visual studio 2010\Projects\Kata001FizzBuzz\Kata001FizzBuzz\bin\Debug\Kata001FizzBuzz.exe" />
    </Deployment>
    <Execution>
      <TestTypeSpecific />
      <AgentRule name="Execution Agents">
      </AgentRule>
    </Execution>
  </TestSettings>
  <Times creation="2012-06-19T15:35:17.5233469-05:00" queuing="2012-06-19T15:35:21.0495486-05:00" start="2012-06-19T15:35:21.2865622-05:00" finish="2012-06-19T15:35:23.5986944-05:00" />
  <ResultSummary outcome="Completed">
    <Counters total="1" executed="1" passed="1" error="0" failed="0" timeout="0" aborted="0" inconclusive="0" passedButRunAborted="0" notRunnable="0" notExecuted="0" disconnected="0" warning="0" completed="0" inProgress="0" pending="0" />
  </ResultSummary>
  <TestDefinitions>
    <UnitTest name="FizzBuzzTest_1_1" storage="c:\users\jjmiranda\documents\visual studio 2010\projects\kata001fizzbuzz\testfizzbuzzproject\bin\debug\testfizzbuzzproject.dll" id="650f0255-e9fa-0903-f398-d605bba4b6f4">
      <Execution id="a7feeebd-e335-4a24-a6d2-68ad022142c3" />
      <TestMethod codeBase="c:/users/jjmiranda/documents/visual studio 2010/Projects/Kata001FizzBuzz/TestFizzBuzzProject/bin/Debug/TestFizzBuzzProject.DLL" adapterTypeName="Microsoft.VisualStudio.TestTools.TestTypes.Unit.UnitTestAdapter, Microsoft.VisualStudio.QualityTools.Tips.UnitTest.Adapter, Version=10.0.0.0, Culture=neutral, PublicKeyToken=b03f5f7f11d50a3a" className="TestFizzBuzzProject.ProgramTest, TestFizzBuzzProject, Version=1.0.0.0, Culture=neutral, PublicKeyToken=null" name="FizzBuzzTest_1_1" />
    </UnitTest>
  </TestDefinitions>
  <TestLists>
    <TestList name="Resultados que no están en la lista" id="8c84fa94-04c1-424b-9868-57a2d4851a1d" />
    <TestList name="Todos los resultados cargados" id="19431567-8539-422a-85d7-44ee4e166bda" />
  </TestLists>
  <TestEntries>
    <TestEntry testId="650f0255-e9fa-0903-f398-d605bba4b6f4" executionId="a7feeebd-e335-4a24-a6d2-68ad022142c3" testListId="8c84fa94-04c1-424b-9868-57a2d4851a1d" />
  </TestEntries>
  <Results>
    <UnitTestResult executionId="a7feeebd-e335-4a24-a6d2-68ad022142c3" testId="650f0255-e9fa-0903-f398-d605bba4b6f4" testName="FizzBuzzTest_1_1" computerName="HP430-JJM" duration="00:00:00.0333132" startTime="2012-06-19T15:35:21.3805676-05:00" endTime="2012-06-19T15:35:23.4386853-05:00" testType="13cdc9d9-ddb5-4fa4-a97d-d965ccfc6d4b" outcome="Passed" testListId="8c84fa94-04c1-424b-9868-57a2d4851a1d" relativeResultsDirectory="a7feeebd-e335-4a24-a6d2-68ad022142c3">
    </UnitTestResult>
  </Results>
</TestRun>