<?xml version="1.0" encoding="UTF-8"?>
<TestRun id="8b0c9aba-b279-439f-b432-105bee8dd6d6" name="jjmiranda@HP430-JJM 2012-06-19 15:36:54" runUser="hp430-jjm\jjmiranda" xmlns="http://microsoft.com/schemas/VisualStudio/TeamTest/2010">
  <TestSettings name="Local" id="dd1c1eae-752d-4e30-9de4-3dd75135a14f">
    <Description>Esta es la configuración de pruebas predeterminada para una ejecución de pruebas local.</Description>
    <Deployment enabled="false" runDeploymentRoot="jjmiranda_HP430-JJM 2012-06-19 15_36_54">
      <DeploymentItem filename="c:\users\jjmiranda\documents\visual studio 2010\Projects\Kata001FizzBuzz\Kata001FizzBuzz\bin\Debug\Kata001FizzBuzz.exe" />
    </Deployment>
    <Execution>
      <TestTypeSpecific />
      <AgentRule name="Execution Agents">
      </AgentRule>
    </Execution>
  </TestSettings>
  <Times creation="2012-06-19T15:36:54.3838870-05:00" queuing="2012-06-19T15:36:55.5019510-05:00" start="2012-06-19T15:36:55.6019567-05:00" finish="2012-06-19T15:37:35.0982158-05:00" />
  <ResultSummary outcome="Failed">
    <Counters total="3" executed="3" passed="2" error="0" failed="1" timeout="0" aborted="0" inconclusive="0" passedButRunAborted="0" notRunnable="0" notExecuted="0" disconnected="0" warning="0" completed="0" inProgress="0" pending="0" />
  </ResultSummary>
  <TestDefinitions>
    <UnitTest name="FizzBuzzTest_2_2" storage="c:\users\jjmiranda\documents\visual studio 2010\projects\kata001fizzbuzz\testfizzbuzzproject\bin\debug\testfizzbuzzproject.dll" id="8c38c296-0470-866d-4d16-f54f4f405fbb">
      <Execution id="dd600a1d-ff7b-460c-8b0d-c129b658c1f2" />
      <TestMethod codeBase="c:/users/jjmiranda/documents/visual studio 2010/Projects/Kata001FizzBuzz/TestFizzBuzzProject/bin/Debug/TestFizzBuzzProject.DLL" adapterTypeName="Microsoft.VisualStudio.TestTools.TestTypes.Unit.UnitTestAdapter, Microsoft.VisualStudio.QualityTools.Tips.UnitTest.Adapter, Version=10.0.0.0, Culture=neutral, PublicKeyToken=b03f5f7f11d50a3a" className="TestFizzBuzzProject.ProgramTest, TestFizzBuzzProject, Version=1.0.0.0, Culture=neutral, PublicKeyToken=null" name="FizzBuzzTest_2_2" />
    </UnitTest>
    <UnitTest name="FizzBuzzTest_1_1" storage="c:\users\jjmiranda\documents\visual studio 2010\projects\kata001fizzbuzz\testfizzbuzzproject\bin\debug\testfizzbuzzproject.dll" id="650f0255-e9fa-0903-f398-d605bba4b6f4">
      <Execution id="b1d4813c-a111-419b-ba64-86c688f85703" />
      <TestMethod codeBase="c:/users/jjmiranda/documents/visual studio 2010/Projects/Kata001FizzBuzz/TestFizzBuzzProject/bin/Debug/TestFizzBuzzProject.DLL" adapterTypeName="Microsoft.VisualStudio.TestTools.TestTypes.Unit.UnitTestAdapter, Microsoft.VisualStudio.QualityTools.Tips.UnitTest.Adapter, Version=10.0.0.0, Culture=neutral, PublicKeyToken=b03f5f7f11d50a3a" className="TestFizzBuzzProject.ProgramTest, TestFizzBuzzProject, Version=1.0.0.0, Culture=neutral, PublicKeyToken=null" name="FizzBuzzTest_1_1" />
    </UnitTest>
    <UnitTest name="FizzBuzzTest_3_Fizz" storage="c:\users\jjmiranda\documents\visual studio 2010\projects\kata001fizzbuzz\testfizzbuzzproject\bin\debug\testfizzbuzzproject.dll" id="fec0e726-86b4-64be-f5b5-2bb7f0033443">
      <Execution id="1950b4d4-15ab-467c-86f9-7552e46fa52a" />
      <TestMethod codeBase="c:/users/jjmiranda/documents/visual studio 2010/Projects/Kata001FizzBuzz/TestFizzBuzzProject/bin/Debug/TestFizzBuzzProject.DLL" adapterTypeName="Microsoft.VisualStudio.TestTools.TestTypes.Unit.UnitTestAdapter, Microsoft.VisualStudio.QualityTools.Tips.UnitTest.Adapter, Version=10.0.0.0, Culture=neutral, PublicKeyToken=b03f5f7f11d50a3a" className="TestFizzBuzzProject.ProgramTest, TestFizzBuzzProject, Version=1.0.0.0, Culture=neutral, PublicKeyToken=null" name="FizzBuzzTest_3_Fizz" />
    </UnitTest>
  </TestDefinitions>
  <TestLists>
    <TestList name="Resultados que no están en la lista" id="8c84fa94-04c1-424b-9868-57a2d4851a1d" />
    <TestList name="Todos los resultados cargados" id="19431567-8539-422a-85d7-44ee4e166bda" />
  </TestLists>
  <TestEntries>
    <TestEntry testId="650f0255-e9fa-0903-f398-d605bba4b6f4" executionId="b1d4813c-a111-419b-ba64-86c688f85703" testListId="8c84fa94-04c1-424b-9868-57a2d4851a1d" />
    <TestEntry testId="8c38c296-0470-866d-4d16-f54f4f405fbb" executionId="dd600a1d-ff7b-460c-8b0d-c129b658c1f2" testListId="8c84fa94-04c1-424b-9868-57a2d4851a1d" />
    <TestEntry testId="fec0e726-86b4-64be-f5b5-2bb7f0033443" executionId="1950b4d4-15ab-467c-86f9-7552e46fa52a" testListId="8c84fa94-04c1-424b-9868-57a2d4851a1d" />
  </TestEntries>
  <Results>
    <UnitTestResult executionId="b1d4813c-a111-419b-ba64-86c688f85703" testId="650f0255-e9fa-0903-f398-d605bba4b6f4" testName="FizzBuzzTest_1_1" computerName="HP430-JJM" duration="00:00:00.0253335" startTime="2012-06-19T15:36:55.6499595-05:00" endTime="2012-06-19T15:36:57.4790641-05:00" testType="13cdc9d9-ddb5-4fa4-a97d-d965ccfc6d4b" outcome="Passed" testListId="8c84fa94-04c1-424b-9868-57a2d4851a1d" relativeResultsDirectory="b1d4813c-a111-419b-ba64-86c688f85703">
    </UnitTestResult>
    <UnitTestResult executionId="dd600a1d-ff7b-460c-8b0d-c129b658c1f2" testId="8c38c296-0470-866d-4d16-f54f4f405fbb" testName="FizzBuzzTest_2_2" computerName="HP430-JJM" duration="00:00:00.0003152" startTime="2012-06-19T15:36:57.5090658-05:00" endTime="2012-06-19T15:36:57.5240666-05:00" testType="13cdc9d9-ddb5-4fa4-a97d-d965ccfc6d4b" outcome="Passed" testListId="8c84fa94-04c1-424b-9868-57a2d4851a1d" relativeResultsDirectory="dd600a1d-ff7b-460c-8b0d-c129b658c1f2">
    </UnitTestResult>
    <UnitTestResult executionId="1950b4d4-15ab-467c-86f9-7552e46fa52a" testId="fec0e726-86b4-64be-f5b5-2bb7f0033443" testName="FizzBuzzTest_3_Fizz" computerName="HP430-JJM" duration="00:00:37.4068608" startTime="2012-06-19T15:36:57.5380674-05:00" endTime="2012-06-19T15:37:34.9652082-05:00" testType="13cdc9d9-ddb5-4fa4-a97d-d965ccfc6d4b" outcome="Failed" testListId="8c84fa94-04c1-424b-9868-57a2d4851a1d" relativeResultsDirectory="1950b4d4-15ab-467c-86f9-7552e46fa52a">
      <Output>
        <ErrorInfo>
          <Message>Assert.AreEqual failed. Expected:&lt;Fizz&gt;. Actual:&lt;3&gt;. Entra 3 - Sale Fizz</Message>
          <StackTrace>   at TestFizzBuzzProject.ProgramTest.FizzBuzzTest_3_Fizz() in c:\users\jjmiranda\documents\visual studio 2010\Projects\Kata001FizzBuzz\TestFizzBuzzProject\ProgramTest.cs:line 98
</StackTrace>
        </ErrorInfo>
      </Output>
    </UnitTestResult>
  </Results>
</TestRun>